<?xml version="1.0" encoding="UTF-8"?>
<!-- Generated by org.testng.reporters.JUnitReportReporter -->
<testsuite hostname="My-Inspiron-7415" failures="0" tests="1" name="com.supermartket.test.ManageOfferCode" time="22.751" errors="0" timestamp="2024-05-21T12:25:47 AEST" skipped="0">
  <testcase classname="com.supermartket.test.ManageOfferCode" name="verifyMaanageOffercodePage" time="22.751"/>
  <system-out/>
</testsuite> <!-- com.supermartket.test.ManageOfferCode -->
