<?xml version="1.0" encoding="UTF-8"?>
<!-- Generated by org.testng.reporters.JUnitReportReporter -->
<testsuite hostname="My-Inspiron-7415" failures="0" tests="1" name="com.supermartket.test.ManageUser" time="13.325" errors="0" timestamp="2024-05-21T12:41:25 AEST" skipped="0">
  <testcase classname="com.supermartket.test.ManageUser" name="verifyManageUsersPage" time="13.325"/>
  <system-out/>
</testsuite> <!-- com.supermartket.test.ManageUser -->
